<?xml version="1.0" encoding="UTF-8"?>
<!-- Generated by org.testng.reporters.JUnitReportReporter -->
<testsuite skipped="0" hostname="Sreenath-Pc" name="com.qa.hubspot.Tests.LoginPageTest" tests="3" failures="0" timestamp="08 Oct 2019 12:24:06 GMT" time="62.828" errors="0">
  <testcase name="loginPageTitleTest" time="13.470" classname="com.qa.hubspot.Tests.LoginPageTest"/>
  <testcase name="signUpLinkTest" time="14.171" classname="com.qa.hubspot.Tests.LoginPageTest"/>
  <testcase name="doLoginTest" time="35.187" classname="com.qa.hubspot.Tests.LoginPageTest"/>
</testsuite> <!-- com.qa.hubspot.Tests.LoginPageTest -->
